INFO 2023-07-03 11:33:22 Begun downloading ribosome profiles via RCSB
ERROR 2023-07-03 11:33:23 5XYI:HTTPConnectionPool(host='files.rcsb.org', port=80): Max retries exceeded with url: /download/5XYI.cif.gz (Caused by NameResolutionError("<urllib3.connection.HTTPConnection object at 0x169e41250>: Failed to resolve 'files.rcsb.org' ([Errno 8] nodename nor servname provided, or not known)"))
INFO 2023-07-03 11:33:26 5OPT: processed profile successfully.
INFO 2023-07-03 11:33:27 7AOR: processed profile successfully.
INFO 2023-07-03 11:33:27 5XY3: processed profile successfully.
INFO 2023-07-03 11:33:28 7AIH: processed profile successfully.
INFO 2023-07-03 11:33:31 7QEP: processed profile successfully.
INFO 2023-07-03 11:33:32 8P5D: processed profile successfully.
INFO 2023-07-03 11:33:33 7QCA: processed profile successfully.
INFO 2023-07-03 11:33:35 8BR8: processed profile successfully.
INFO 2023-07-03 11:33:36 8BR3: processed profile successfully.
INFO 2023-07-03 11:33:37 8BRM: processed profile successfully.
INFO 2023-07-03 11:33:38 7PWG: processed profile successfully.
INFO 2023-07-03 11:33:41 5T5H: processed profile successfully.
INFO 2023-07-03 11:33:44 8BTD: processed profile successfully.
INFO 2023-07-03 11:33:47 8BTR: processed profile successfully.
INFO 2023-07-03 11:33:48 4V8P: processed profile successfully.
INFO 2023-07-03 11:33:50 7ANE: processed profile successfully.
INFO 2023-07-03 11:34:01 7QJH: processed profile successfully.
INFO 2023-07-03 11:34:02 8BSJ: processed profile successfully.
INFO 2023-07-03 11:34:06 7PWO: processed profile successfully.
INFO 2023-07-03 11:34:08 6Z1P: processed profile successfully.
INFO 2023-07-03 11:34:08 8P60: processed profile successfully.
INFO 2023-07-03 11:34:08 7PWF: processed profile successfully.
INFO 2023-07-03 11:34:14 5XXU: processed profile successfully.
INFO 2023-07-03 11:34:15 6HIX: processed profile successfully.
INFO 2023-07-03 11:34:16 7PKQ: processed profile successfully.
INFO 2023-07-03 11:34:18 6HIV: processed profile successfully.
INFO 2023-07-03 11:34:18 3JBP: processed profile successfully.
INFO 2023-07-03 11:34:22 5UMD: processed profile successfully.
INFO 2023-07-03 11:34:24 8I9R: processed profile successfully.
INFO 2023-07-03 11:34:25 5T2A: processed profile successfully.
INFO 2023-07-03 11:34:26 7PKT: processed profile successfully.
INFO 2023-07-03 11:34:33 3JBN: processed profile successfully.
INFO 2023-07-03 11:34:33 4BTS: processed profile successfully.
INFO 2023-07-03 11:34:39 8BSI: processed profile successfully.
INFO 2023-07-03 11:34:41 8I9Y: processed profile successfully.
INFO 2023-07-03 11:34:42 3JBO: processed profile successfully.
INFO 2023-07-03 11:34:42 6RXV: processed profile successfully.
INFO 2023-07-03 11:34:43 8IA0: processed profile successfully.
INFO 2023-07-03 11:34:49 Begun downloading ribosome profiles via RCSB
INFO 2023-07-03 11:34:49 5XY3: processed profile successfully.
INFO 2023-07-03 11:34:49 7AOR: processed profile successfully.
INFO 2023-07-03 11:34:49 4V8P: processed profile successfully.
INFO 2023-07-03 11:34:49 5OPT: processed profile successfully.
INFO 2023-07-03 11:34:49 7AIH: processed profile successfully.
INFO 2023-07-03 11:34:49 8BR3: processed profile successfully.
INFO 2023-07-03 11:34:49 7QEP: processed profile successfully.
INFO 2023-07-03 11:34:49 8P5D: processed profile successfully.
INFO 2023-07-03 11:34:49 7QCA: processed profile successfully.
INFO 2023-07-03 11:34:49 8BR8: processed profile successfully.
INFO 2023-07-03 11:34:49 8BRM: processed profile successfully.
INFO 2023-07-03 11:34:49 7PWG: processed profile successfully.
INFO 2023-07-03 11:34:49 5T5H: processed profile successfully.
INFO 2023-07-03 11:34:49 8BTD: processed profile successfully.
INFO 2023-07-03 11:34:49 8BTR: processed profile successfully.
INFO 2023-07-03 11:34:49 7ANE: processed profile successfully.
INFO 2023-07-03 11:34:49 6Z1P: processed profile successfully.
INFO 2023-07-03 11:34:49 7QJH: processed profile successfully.
INFO 2023-07-03 11:34:49 8P60: processed profile successfully.
INFO 2023-07-03 11:34:49 7PWO: processed profile successfully.
INFO 2023-07-03 11:34:49 8BSJ: processed profile successfully.
INFO 2023-07-03 11:34:49 7PWF: processed profile successfully.
INFO 2023-07-03 11:34:49 6HIX: processed profile successfully.
INFO 2023-07-03 11:34:49 6HIV: processed profile successfully.
INFO 2023-07-03 11:34:49 5XXU: processed profile successfully.
INFO 2023-07-03 11:34:49 7PKQ: processed profile successfully.
INFO 2023-07-03 11:34:49 7PKT: processed profile successfully.
INFO 2023-07-03 11:34:49 5UMD: processed profile successfully.
INFO 2023-07-03 11:34:49 3JBP: processed profile successfully.
INFO 2023-07-03 11:34:49 4BTS: processed profile successfully.
INFO 2023-07-03 11:34:49 8I9R: processed profile successfully.
INFO 2023-07-03 11:34:49 5T2A: processed profile successfully.
INFO 2023-07-03 11:34:49 8BSI: processed profile successfully.
INFO 2023-07-03 11:34:49 3JBN: processed profile successfully.
INFO 2023-07-03 11:34:49 8I9Y: processed profile successfully.
INFO 2023-07-03 11:34:49 6RXV: processed profile successfully.
INFO 2023-07-03 11:34:49 3JBO: processed profile successfully.
INFO 2023-07-03 11:34:49 8IA0: processed profile successfully.
INFO 2023-07-03 11:34:53 5XYI: processed profile successfully.
INFO 2023-07-03 11:34:53 8I9P: processed profile successfully.
INFO 2023-07-03 11:34:54 8I9W: processed profile successfully.
INFO 2023-07-03 11:34:54 5OQL: processed profile successfully.
INFO 2023-07-03 11:34:55 6ZJ3: processed profile successfully.
INFO 2023-07-03 11:34:56 8EUP: processed profile successfully.
INFO 2023-07-03 11:34:58 8EV3: processed profile successfully.
INFO 2023-07-03 11:35:01 7OLC: processed profile successfully.
INFO 2023-07-03 11:35:01 7OLD: processed profile successfully.
INFO 2023-07-03 11:35:02 8I9V: processed profile successfully.
INFO 2023-07-03 11:35:02 4V5O: processed profile successfully.
INFO 2023-07-03 11:35:04 8I9T: processed profile successfully.
INFO 2023-07-03 11:35:07 8I9Z: processed profile successfully.
INFO 2023-07-03 11:35:08 3JCS: processed profile successfully.
INFO 2023-07-03 11:35:08 8I9X: processed profile successfully.
INFO 2023-07-03 11:35:14 5WYK: processed profile successfully.
INFO 2023-07-03 11:35:15 6GQ1: processed profile successfully.
INFO 2023-07-03 11:35:18 5MC6: processed profile successfully.
INFO 2023-07-03 11:35:26 7AZY: processed profile successfully.
INFO 2023-07-03 11:35:36 4U4N: processed profile successfully.
INFO 2023-07-03 11:35:40 4V88: processed profile successfully.
INFO 2023-07-03 11:35:46 4V8T: processed profile successfully.
INFO 2023-07-03 11:35:46 5DAT: processed profile successfully.
INFO 2023-07-03 11:35:48 5MEI: processed profile successfully.
INFO 2023-07-03 11:35:51 5APO: processed profile successfully.
INFO 2023-07-03 11:35:52 6ZCE: processed profile successfully.
INFO 2023-07-03 11:35:53 6OIG: processed profile successfully.
INFO 2023-07-03 11:35:53 6N8M: processed profile successfully.
INFO 2023-07-03 11:36:03 5ON6: processed profile successfully.
INFO 2023-07-03 11:36:15 4U4Q: processed profile successfully.
INFO 2023-07-03 11:36:16 4U3M: processed profile successfully.
INFO 2023-07-03 11:36:18 4U3N: processed profile successfully.
INFO 2023-07-03 11:36:26 4U3U: processed profile successfully.
INFO 2023-07-03 11:36:29 4U4O: processed profile successfully.
INFO 2023-07-03 11:36:35 4U4Y: processed profile successfully.
INFO 2023-07-03 11:36:41 4U4R: processed profile successfully.
INFO 2023-07-03 11:36:46 4U4U: processed profile successfully.
INFO 2023-07-03 11:37:04 4U55: processed profile successfully.
INFO 2023-07-03 11:37:11 4U53: processed profile successfully.
INFO 2023-07-03 11:37:11 5FCI: processed profile successfully.
INFO 2023-07-03 11:37:11 4U4Z: processed profile successfully.
INFO 2023-07-03 11:37:24 5FCJ: processed profile successfully.
INFO 2023-07-03 11:37:26 4U56: processed profile successfully.
INFO 2023-07-03 11:37:35 5I4L: processed profile successfully.
INFO 2023-07-03 11:37:39 7NRC: processed profile successfully.
INFO 2023-07-03 11:37:40 7NRD: processed profile successfully.
INFO 2023-07-03 11:37:41 6ZQF: processed profile successfully.
INFO 2023-07-03 11:37:46 5OBM: processed profile successfully.
INFO 2023-07-03 11:37:46 7OHS: processed profile successfully.
INFO 2023-07-03 11:37:47 7OHW: processed profile successfully.
INFO 2023-07-03 11:37:48 5NDW: processed profile successfully.
INFO 2023-07-03 11:37:51 7RR5: processed profile successfully.
INFO 2023-07-03 11:37:52 6LQQ: processed profile successfully.
INFO 2023-07-03 11:38:00 6Z6J: processed profile successfully.
INFO 2023-07-03 11:38:02 4U50: processed profile successfully.
INFO 2023-07-03 11:38:09 4U52: processed profile successfully.
INFO 2023-07-03 11:38:10 6LQS: processed profile successfully.
INFO 2023-07-03 11:38:10 7AJT: processed profile successfully.
INFO 2023-07-03 11:38:11 4U51: processed profile successfully.
INFO 2023-07-03 11:38:14 4U6F: processed profile successfully.
INFO 2023-07-03 11:38:15 6ZQE: processed profile successfully.
INFO 2023-07-03 11:38:16 6XIR: processed profile successfully.
INFO 2023-07-03 11:38:20 6ZQB: processed profile successfully.
INFO 2023-07-03 11:38:21 6LQT: processed profile successfully.
INFO 2023-07-03 11:38:21 6ELZ: processed profile successfully.
INFO 2023-07-03 11:38:23 5T6R: processed profile successfully.
INFO 2023-07-03 11:38:24 5DGV: processed profile successfully.
INFO 2023-07-03 11:38:27 6EM3: processed profile successfully.
INFO 2023-07-03 11:38:33 6Z6K: processed profile successfully.
INFO 2023-07-03 11:38:35 6ZQD: processed profile successfully.
INFO 2023-07-03 11:38:38 6N8J: processed profile successfully.
INFO 2023-07-03 11:38:41 6XIQ: processed profile successfully.
INFO 2023-07-03 11:38:43 6EM5: processed profile successfully.
INFO 2023-07-03 11:38:45 7OSM: processed profile successfully.
INFO 2023-07-03 11:38:54 6LQP: processed profile successfully.
INFO 2023-07-03 11:38:54 5NDV: processed profile successfully.
INFO 2023-07-03 11:38:54 6ZQC: processed profile successfully.
INFO 2023-07-03 11:38:56 7D4I: processed profile successfully.
INFO 2023-07-03 11:38:58 4V8M: processed profile successfully.
INFO 2023-07-03 11:38:59 6RBE: processed profile successfully.
INFO 2023-07-03 11:39:01 5H4P: processed profile successfully.
INFO 2023-07-03 11:39:02 6ZU9: processed profile successfully.
INFO 2023-07-03 11:39:02 7OHP: processed profile successfully.
INFO 2023-07-03 11:39:06 6LQV: processed profile successfully.
INFO 2023-07-03 11:39:06 7D5S: processed profile successfully.
INFO 2023-07-03 11:39:07 6EM4: processed profile successfully.
INFO 2023-07-03 11:39:10 6LQR: processed profile successfully.
INFO 2023-07-03 11:39:10 6RBD: processed profile successfully.
INFO 2023-07-03 11:39:11 7OHR: processed profile successfully.
INFO 2023-07-03 11:39:13 6LQU: processed profile successfully.
INFO 2023-07-03 11:39:15 3JCT: processed profile successfully.
INFO 2023-07-03 11:39:16 6ZQA: processed profile successfully.
INFO 2023-07-03 11:39:16 6M62: processed profile successfully.
INFO 2023-07-03 11:39:19 8HFR: processed profile successfully.
INFO 2023-07-03 11:39:20 5JCS: processed profile successfully.
INFO 2023-07-03 11:39:21 7OHQ: processed profile successfully.
INFO 2023-07-03 11:39:22 6FYX: processed profile successfully.
INFO 2023-07-03 11:39:23 6N8O: processed profile successfully.
INFO 2023-07-03 11:39:25 7OHV: processed profile successfully.
INFO 2023-07-03 11:39:26 7UG6: processed profile successfully.
INFO 2023-07-03 11:39:27 7BTB: processed profile successfully.
INFO 2023-07-03 11:39:30 6EM1: processed profile successfully.
INFO 2023-07-03 11:39:32 5DGF: processed profile successfully.
INFO 2023-07-03 11:39:33 7OF1: processed profile successfully.
INFO 2023-07-03 11:39:33 5DGE: processed profile successfully.
INFO 2023-07-03 11:39:37 5Z3G: processed profile successfully.
INFO 2023-07-03 11:39:37 6KE6: processed profile successfully.
INFO 2023-07-03 11:39:38 6EML: processed profile successfully.
INFO 2023-07-03 11:39:39 7D63: processed profile successfully.
INFO 2023-07-03 11:39:41 6WDR: processed profile successfully.
INFO 2023-07-03 11:39:43 5T62: processed profile successfully.
INFO 2023-07-03 11:39:43 5APN: processed profile successfully.
INFO 2023-07-03 11:39:43 7AJU: processed profile successfully.
INFO 2023-07-03 11:39:44 5WYJ: processed profile successfully.
INFO 2023-07-03 11:39:46 6GSN: processed profile successfully.
INFO 2023-07-03 11:39:49 7BT6: processed profile successfully.
INFO 2023-07-03 11:39:50 6N8K: processed profile successfully.
INFO 2023-07-03 11:39:50 6N8N: processed profile successfully.
INFO 2023-07-03 11:39:51 6Y7C: processed profile successfully.
INFO 2023-07-03 11:39:51 6N8L: processed profile successfully.
INFO 2023-07-03 11:39:54 6ZQG: processed profile successfully.
INFO 2023-07-03 11:39:57 6FAI: processed profile successfully.
INFO 2023-07-03 11:39:59 6GQB: processed profile successfully.
INFO 2023-07-03 11:39:59 7A1G: processed profile successfully.
INFO 2023-07-03 11:40:06 7OHX: processed profile successfully.
INFO 2023-07-03 11:40:07 5DC3: processed profile successfully.
INFO 2023-07-03 11:40:11 7D5T: processed profile successfully.
INFO 2023-07-03 11:40:16 7Z34: processed profile successfully.
INFO 2023-07-03 11:40:18 6SG9: processed profile successfully.
INFO 2023-07-03 11:40:19 7OSA: processed profile successfully.
INFO 2023-07-03 11:40:20 7OH3: processed profile successfully.
INFO 2023-07-03 11:40:22 5JPQ: processed profile successfully.
INFO 2023-07-03 11:40:23 5TBW: processed profile successfully.
INFO 2023-07-03 11:40:25 6FYY: processed profile successfully.
INFO 2023-07-03 11:40:26 6GSM: processed profile successfully.
INFO 2023-07-03 11:40:27 8D8K: processed profile successfully.
INFO 2023-07-03 11:40:28 6R84: processed profile successfully.
INFO 2023-07-03 11:40:30 6R87: processed profile successfully.
INFO 2023-07-03 11:40:37 6WOO: processed profile successfully.
INFO 2023-07-03 11:40:37 7ZPQ: processed profile successfully.
INFO 2023-07-03 11:40:38 7ZRS: processed profile successfully.
INFO 2023-07-03 11:40:39 7ZUW: processed profile successfully.
INFO 2023-07-03 11:40:41 7TOO: processed profile successfully.
INFO 2023-07-03 11:40:44 7TOP: processed profile successfully.
INFO 2023-07-03 11:40:44 5MMI: processed profile successfully.
INFO 2023-07-03 11:40:44 5H1S: processed profile successfully.
INFO 2023-07-03 11:40:45 5MLC: processed profile successfully.
INFO 2023-07-03 11:40:48 5X8T: processed profile successfully.
INFO 2023-07-03 11:40:50 5XXB: processed profile successfully.
INFO 2023-07-03 11:40:51 7AM2: processed profile successfully.
INFO 2023-07-03 11:40:51 5MMM: processed profile successfully.
INFO 2023-07-03 11:40:52 7OYC: processed profile successfully.
INFO 2023-07-03 11:40:59 4V61: processed profile successfully.
INFO 2023-07-03 11:41:00 5X8P: processed profile successfully.
INFO 2023-07-03 11:41:02 6XU8: processed profile successfully.
INFO 2023-07-03 11:41:04 6XU6: processed profile successfully.
INFO 2023-07-03 11:41:06 6RM3: processed profile successfully.
INFO 2023-07-03 11:41:08 6ZU5: processed profile successfully.
INFO 2023-07-03 11:41:11 6XU7: processed profile successfully.
INFO 2023-07-03 11:41:13 7AOI: processed profile successfully.
INFO 2023-07-03 11:41:14 8CAS: processed profile successfully.
INFO 2023-07-03 11:41:15 6ERI: processed profile successfully.
INFO 2023-07-03 11:41:15 6UZ7: processed profile successfully.
INFO 2023-07-03 11:41:17 8CBJ: processed profile successfully.
INFO 2023-07-03 11:41:18 5MMJ: processed profile successfully.
INFO 2023-07-03 11:41:26 5IT7: processed profile successfully.
INFO 2023-07-03 11:41:27 6GAW: processed profile successfully.
INFO 2023-07-03 11:41:28 6GQV: processed profile successfully.
INFO 2023-07-03 11:41:29 4V6W: processed profile successfully.
INFO 2023-07-03 11:41:32 8OIN: processed profile successfully.
INFO 2023-07-03 11:41:36 6R86: processed profile successfully.
INFO 2023-07-03 11:41:36 6QT0: processed profile successfully.
INFO 2023-07-03 11:41:42 7N8B: processed profile successfully.
INFO 2023-07-03 11:41:43 7MPJ: processed profile successfully.
INFO 2023-07-03 11:41:45 7ZS5: processed profile successfully.
INFO 2023-07-03 11:41:45 6QTZ: processed profile successfully.
INFO 2023-07-03 11:41:51 7MQ8: processed profile successfully.
INFO 2023-07-03 11:41:53 3J7O: processed profile successfully.
INFO 2023-07-03 11:41:55 7MQ9: processed profile successfully.
INFO 2023-07-03 11:41:57 6G4W: processed profile successfully.
INFO 2023-07-03 11:41:59 6HCQ: processed profile successfully.
INFO 2023-07-03 11:41:59 6GAZ: processed profile successfully.
INFO 2023-07-03 11:42:02 7NWG: processed profile successfully.
INFO 2023-07-03 11:42:04 7ODS: processed profile successfully.
INFO 2023-07-03 11:42:05 5AJ4: processed profile successfully.
INFO 2023-07-03 11:42:07 7ODT: processed profile successfully.
INFO 2023-07-03 11:42:07 7PD3: processed profile successfully.
INFO 2023-07-03 11:42:11 8G60: processed profile successfully.
INFO 2023-07-03 11:42:14 6GB2: processed profile successfully.
INFO 2023-07-03 11:42:16 8OIR: processed profile successfully.
INFO 2023-07-03 11:42:18 6R5Q: processed profile successfully.
INFO 2023-07-03 11:42:21 6IP5: processed profile successfully.
INFO 2023-07-03 11:42:23 6OLF: processed profile successfully.
INFO 2023-07-03 11:42:23 6IP8: processed profile successfully.
INFO 2023-07-03 11:42:27 6OLE: processed profile successfully.
INFO 2023-07-03 11:42:27 6OLZ: processed profile successfully.
INFO 2023-07-03 11:42:33 6OM0: processed profile successfully.
INFO 2023-07-03 11:42:33 6RW4: processed profile successfully.
INFO 2023-07-03 11:42:33 6QZP: processed profile successfully.
INFO 2023-07-03 11:42:40 7P2E: processed profile successfully.
INFO 2023-07-03 11:42:40 6OM7: processed profile successfully.
INFO 2023-07-03 11:42:41 7PNT: processed profile successfully.
INFO 2023-07-03 11:42:42 7PNV: processed profile successfully.
INFO 2023-07-03 11:42:44 7PNX: processed profile successfully.
INFO 2023-07-03 11:42:49 7PNY: processed profile successfully.
INFO 2023-07-03 11:42:49 7PNZ: processed profile successfully.
INFO 2023-07-03 11:42:49 7PO0: processed profile successfully.
INFO 2023-07-03 11:42:50 7PO1: processed profile successfully.
INFO 2023-07-03 11:42:50 8CST: processed profile successfully.
INFO 2023-07-03 11:42:53 8OIP: processed profile successfully.
INFO 2023-07-03 11:42:55 3J7Q: processed profile successfully.
INFO 2023-07-03 11:42:56 7OF5: processed profile successfully.
INFO 2023-07-03 11:42:56 7ODR: processed profile successfully.
INFO 2023-07-03 11:42:59 5M1J: processed profile successfully.
INFO 2023-07-03 11:42:59 7OF7: processed profile successfully.
INFO 2023-07-03 11:43:00 7OIC: processed profile successfully.
INFO 2023-07-03 11:43:04 3J7R: processed profile successfully.
INFO 2023-07-03 11:43:05 3JAG: processed profile successfully.
INFO 2023-07-03 11:43:06 4V19: processed profile successfully.
INFO 2023-07-03 11:43:07 3JAH: processed profile successfully.
INFO 2023-07-03 11:43:07 3JAI: processed profile successfully.
INFO 2023-07-03 11:43:08 5AJ3: processed profile successfully.
INFO 2023-07-03 11:43:14 7NFX: processed profile successfully.
INFO 2023-07-03 11:43:15 6SGC: processed profile successfully.
INFO 2023-07-03 11:43:15 7BHP: processed profile successfully.
INFO 2023-07-03 11:43:19 7OYD: processed profile successfully.
INFO 2023-07-03 11:43:23 8ESR: processed profile successfully.
INFO 2023-07-03 11:43:24 8ETC: processed profile successfully.
INFO 2023-07-03 11:43:24 8ESQ: processed profile successfully.
INFO 2023-07-03 11:43:25 8AZW: processed profile successfully.
INFO 2023-07-03 11:43:29 8ETH: processed profile successfully.
INFO 2023-07-03 11:43:30 8ETG: processed profile successfully.
INFO 2023-07-03 11:43:31 8ETJ: processed profile successfully.
INFO 2023-07-03 11:43:31 8ETI: processed profile successfully.
INFO 2023-07-03 11:43:35 8EUG: processed profile successfully.
INFO 2023-07-03 11:43:37 8EUI: processed profile successfully.
INFO 2023-07-03 11:43:38 8EUY: processed profile successfully.
INFO 2023-07-03 11:43:43 6ZM5: processed profile successfully.
INFO 2023-07-03 11:43:44 4V6X: processed profile successfully.
INFO 2023-07-03 11:43:46 7A5K: processed profile successfully.
INFO 2023-07-03 11:43:53 5LKS: processed profile successfully.
INFO 2023-07-03 11:43:53 4UG0: processed profile successfully.
INFO 2023-07-03 11:43:55 5T2C: processed profile successfully.
INFO 2023-07-03 11:44:01 6IP6: processed profile successfully.
INFO 2023-07-03 11:44:05 6OLI: processed profile successfully.
INFO 2023-07-03 11:44:05 6XA1: processed profile successfully.
INFO 2023-07-03 11:44:09 6Y0G: processed profile successfully.
INFO 2023-07-03 11:44:13 6Y57: processed profile successfully.
INFO 2023-07-03 11:44:14 8G6J: processed profile successfully.
INFO 2023-07-03 11:44:16 7Q0F: processed profile successfully.
INFO 2023-07-03 11:44:16 6G18: processed profile successfully.
INFO 2023-07-03 11:44:16 8G61: processed profile successfully.
INFO 2023-07-03 11:44:17 6G5H: processed profile successfully.
INFO 2023-07-03 11:44:18 6ZUO: processed profile successfully.
INFO 2023-07-03 11:44:21 6ZV6: processed profile successfully.
INFO 2023-07-03 11:44:22 7WTV: processed profile successfully.
INFO 2023-07-03 11:44:23 7WU0: processed profile successfully.
INFO 2023-07-03 11:44:23 7A09: processed profile successfully.
INFO 2023-07-03 11:44:23 7OF4: processed profile successfully.
INFO 2023-07-03 11:44:27 7OF6: processed profile successfully.
INFO 2023-07-03 11:44:29 8CAH: processed profile successfully.
INFO 2023-07-03 11:44:29 3J80: processed profile successfully.
INFO 2023-07-03 11:44:35 3J7P: processed profile successfully.
INFO 2023-07-03 11:44:35 4V7R: processed profile successfully.
INFO 2023-07-03 11:44:35 8OIQ: processed profile successfully.
INFO 2023-07-03 11:44:36 7QH6: processed profile successfully.
INFO 2023-07-03 11:44:39 7TM3: processed profile successfully.
INFO 2023-07-03 11:44:41 7OF0: processed profile successfully.
INFO 2023-07-03 11:44:41 7OF2: processed profile successfully.
INFO 2023-07-03 11:44:41 7OF3: processed profile successfully.
INFO 2023-07-03 11:44:44 7TUT: processed profile successfully.
INFO 2023-07-03 11:44:48 6NU2: processed profile successfully.
INFO 2023-07-03 11:44:53 6VMI: processed profile successfully.
INFO 2023-07-03 11:44:56 7A5G: processed profile successfully.
INFO 2023-07-03 11:44:57 6VLZ: processed profile successfully.
INFO 2023-07-03 11:45:00 7L08: processed profile successfully.
INFO 2023-07-03 11:45:05 6ZM6: processed profile successfully.
INFO 2023-07-03 11:45:06 6G51: processed profile successfully.
INFO 2023-07-03 11:45:10 7QI4: processed profile successfully.
INFO 2023-07-03 11:45:16 6HCJ: processed profile successfully.
INFO 2023-07-03 11:45:18 7ZJX: processed profile successfully.
INFO 2023-07-03 11:45:19 7QWQ: processed profile successfully.
INFO 2023-07-03 11:45:21 6HCM: processed profile successfully.
INFO 2023-07-03 11:45:22 7QI6: processed profile successfully.
INFO 2023-07-03 11:45:26 7PZY: processed profile successfully.
INFO 2023-07-03 11:45:27 7Q08: processed profile successfully.
INFO 2023-07-03 11:45:29 7Q0P: processed profile successfully.
INFO 2023-07-03 11:45:30 6XYW: processed profile successfully.
INFO 2023-07-03 11:45:31 7Q0R: processed profile successfully.
INFO 2023-07-03 11:45:32 7XNY: processed profile successfully.
INFO 2023-07-03 11:45:33 6LU8: processed profile successfully.
INFO 2023-07-03 11:45:35 7QH7: processed profile successfully.
INFO 2023-07-03 11:45:36 6G4S: processed profile successfully.
INFO 2023-07-03 11:45:38 7PNU: processed profile successfully.
INFO 2023-07-03 11:45:38 5LZT: processed profile successfully.
INFO 2023-07-03 11:45:38 7MDZ: processed profile successfully.
INFO 2023-07-03 11:45:41 7PNW: processed profile successfully.
INFO 2023-07-03 11:45:42 7PO3: processed profile successfully.
INFO 2023-07-03 11:45:43 7QP6: processed profile successfully.
INFO 2023-07-03 11:45:46 8G5Z: processed profile successfully.
INFO 2023-07-03 11:45:49 7A5F: processed profile successfully.
INFO 2023-07-03 11:45:50 6NU3: processed profile successfully.
INFO 2023-07-03 11:45:52 7LS1: processed profile successfully.
INFO 2023-07-03 11:45:52 7O9K: processed profile successfully.
INFO 2023-07-03 11:45:53 4D5L: processed profile successfully.
INFO 2023-07-03 11:45:54 7LS2: processed profile successfully.
INFO 2023-07-03 11:45:56 6Y2L: processed profile successfully.
INFO 2023-07-03 11:45:59 7CPU: processed profile successfully.
INFO 2023-07-03 11:45:59 5OOL: processed profile successfully.
INFO 2023-07-03 11:46:00 7CPV: processed profile successfully.
INFO 2023-07-03 11:46:02 8G5Y: processed profile successfully.
INFO 2023-07-03 11:46:02 7A5H: processed profile successfully.
INFO 2023-07-03 11:46:04 7OID: processed profile successfully.
INFO 2023-07-03 11:46:05 7A5J: processed profile successfully.
INFO 2023-07-03 11:46:05 7OIE: processed profile successfully.
INFO 2023-07-03 11:46:08 8OIT: processed profile successfully.
INFO 2023-07-03 11:46:09 7PO4: processed profile successfully.
INFO 2023-07-03 11:46:09 7R4X: processed profile successfully.
INFO 2023-07-03 11:46:09 7WTT: processed profile successfully.
INFO 2023-07-03 11:46:10 6SWA: processed profile successfully.
INFO 2023-07-03 11:46:12 7WTX: processed profile successfully.
INFO 2023-07-03 11:46:14 7WTZ: processed profile successfully.
INFO 2023-07-03 11:46:14 8CSR: processed profile successfully.
INFO 2023-07-03 11:46:14 8AUV: processed profile successfully.
INFO 2023-07-03 11:46:14 8OIS: processed profile successfully.
INFO 2023-07-03 11:46:21 5LZS: processed profile successfully.
INFO 2023-07-03 11:46:28 5LZY: processed profile successfully.
INFO 2023-07-03 11:46:30 6R6P: processed profile successfully.
INFO 2023-07-03 11:46:33 5LZU: processed profile successfully.
INFO 2023-07-03 11:46:36 5LZX: processed profile successfully.
INFO 2023-07-03 11:46:36 6P5N: processed profile successfully.
INFO 2023-07-03 11:46:40 7ZJW: processed profile successfully.
INFO 2023-07-03 11:46:42 7A01: processed profile successfully.
INFO 2023-07-03 11:46:48 6OLG: processed profile successfully.
INFO 2023-07-03 11:46:48 6Z6N: processed profile successfully.
INFO 2023-07-03 11:46:49 7A5I: processed profile successfully.
INFO 2023-07-03 11:46:50 6Z6M: processed profile successfully.
INFO 2023-07-03 11:46:57 6MTB: processed profile successfully.
INFO 2023-07-03 11:46:59 6MTC: processed profile successfully.
INFO 2023-07-03 11:46:59 6MTE: processed profile successfully.
INFO 2023-07-03 11:47:03 5A2Q: processed profile successfully.
INFO 2023-07-03 11:47:04 6MTD: processed profile successfully.
INFO 2023-07-03 11:47:05 6FEC: processed profile successfully.
INFO 2023-07-03 11:47:08 6G53: processed profile successfully.
INFO 2023-07-03 11:47:09 7NWH: processed profile successfully.
INFO 2023-07-03 11:47:10 6ZXE: processed profile successfully.
INFO 2023-07-03 11:47:11 6ZXD: processed profile successfully.
INFO 2023-07-03 11:47:13 6ZXG: processed profile successfully.
INFO 2023-07-03 11:47:14 6ZXF: processed profile successfully.
INFO 2023-07-03 11:47:17 7TQL: processed profile successfully.
INFO 2023-07-03 11:47:17 5VYC: processed profile successfully.
INFO 2023-07-03 11:47:18 7WTW: processed profile successfully.
INFO 2023-07-03 11:47:21 6I9R: processed profile successfully.
INFO 2023-07-03 11:47:22 7XNX: processed profile successfully.
INFO 2023-07-03 11:47:23 7OI6: processed profile successfully.
INFO 2023-07-03 11:47:23 8GLP: processed profile successfully.
INFO 2023-07-03 11:47:24 7OIA: processed profile successfully.
INFO 2023-07-03 11:47:27 7OIB: processed profile successfully.
INFO 2023-07-03 11:47:27 5OOM: processed profile successfully.
INFO 2023-07-03 11:47:28 7OI7: processed profile successfully.
INFO 2023-07-03 11:47:28 7L20: processed profile successfully.
INFO 2023-07-03 11:47:29 7OI8: processed profile successfully.
INFO 2023-07-03 11:47:34 6R7Q: processed profile successfully.
INFO 2023-07-03 11:47:34 3J9M: processed profile successfully.
INFO 2023-07-03 11:47:35 5AJ0: processed profile successfully.
INFO 2023-07-03 11:47:36 6Z6L: processed profile successfully.
INFO 2023-07-03 11:47:38 7OI9: processed profile successfully.
INFO 2023-07-03 11:47:39 6HIY: processed profile successfully.
INFO 2023-07-03 11:47:39 6HIZ: processed profile successfully.
INFO 2023-07-03 11:47:40 6HIW: processed profile successfully.
INFO 2023-07-03 11:47:42 6SGA: processed profile successfully.
INFO 2023-07-03 11:47:45 6SGB: processed profile successfully.
INFO 2023-07-03 11:47:46 6YXY: processed profile successfully.
INFO 2023-07-03 11:47:46 6YXX: processed profile successfully.
INFO 2023-07-03 11:47:49 7PUB: processed profile successfully.
INFO 2023-07-03 11:47:51 4D61: processed profile successfully.
INFO 2023-07-03 11:47:53 7F5S: processed profile successfully.
INFO 2023-07-03 11:47:54 7NWI: processed profile successfully.
INFO 2023-07-03 11:47:56 6HCF: processed profile successfully.
INFO 2023-07-03 11:47:56 7PUA: processed profile successfully.
INFO 2023-07-03 11:47:57 6W2T: processed profile successfully.
INFO 2023-07-03 11:48:03 7TOQ: processed profile successfully.
INFO 2023-07-03 11:48:04 7O9M: processed profile successfully.
INFO 2023-07-03 11:48:04 6LQM: processed profile successfully.
INFO 2023-07-03 11:48:12 6LSS: processed profile successfully.
INFO 2023-07-03 11:48:12 6RW5: processed profile successfully.
INFO 2023-07-03 11:48:13 6LSR: processed profile successfully.
INFO 2023-07-03 11:48:14 7MQA: processed profile successfully.
INFO 2023-07-03 11:48:16 6R6G: processed profile successfully.
INFO 2023-07-03 11:48:18 7WTU: processed profile successfully.
INFO 2023-07-03 11:48:18 7PO2: processed profile successfully.
INFO 2023-07-03 11:48:20 8CSP: processed profile successfully.
INFO 2023-07-03 11:48:21 8CSQ: processed profile successfully.
INFO 2023-07-03 11:48:22 8CSS: processed profile successfully.
INFO 2023-07-03 11:48:23 8CSU: processed profile successfully.
INFO 2023-07-03 11:48:23 3J7Y: processed profile successfully.
INFO 2023-07-03 11:48:29 7QP7: processed profile successfully.
INFO 2023-07-03 11:48:29 6ZVJ: processed profile successfully.
INFO 2023-07-03 11:48:33 4KZY: processed profile successfully.
INFO 2023-07-03 11:48:35 4KZZ: processed profile successfully.
INFO 2023-07-03 11:48:35 7QGG: processed profile successfully.
INFO 2023-07-03 11:48:37 7QWR: processed profile successfully.
INFO 2023-07-03 11:48:39 7QWS: processed profile successfully.
INFO 2023-07-03 11:48:42 6G5I: processed profile successfully.
INFO 2023-07-03 11:48:43 5LZV: processed profile successfully.
INFO 2023-07-03 11:48:45 5LZW: processed profile successfully.
INFO 2023-07-03 11:48:45 5LZZ: processed profile successfully.
INFO 2023-07-03 11:48:46 6ZVH: processed profile successfully.
INFO 2023-07-03 11:48:46 6ZXH: processed profile successfully.
INFO 2023-07-03 11:48:48 4V7H: processed profile successfully.
INFO 2023-07-03 11:48:52 8APO: processed profile successfully.
INFO 2023-07-03 11:48:53 4KZX: processed profile successfully.
INFO 2023-07-03 11:48:54 8A22: processed profile successfully.
INFO 2023-07-03 11:48:54 8APN: processed profile successfully.
INFO 2023-07-03 11:48:55 6GZ3: processed profile successfully.
INFO 2023-07-03 11:48:56 6P4G: processed profile successfully.
INFO 2023-07-03 11:48:56 6P4H: processed profile successfully.
INFO 2023-07-03 11:49:01 6T59: processed profile successfully.
INFO 2023-07-03 11:49:04 6P5J: processed profile successfully.
INFO 2023-07-03 11:49:04 6P5K: processed profile successfully.
INFO 2023-07-03 11:49:04 6D9J: processed profile successfully.
INFO 2023-07-03 11:49:06 6P5I: processed profile successfully.
INFO 2023-07-03 11:49:10 7SYI: processed profile successfully.
INFO 2023-07-03 11:49:11 3J81: processed profile successfully.
INFO 2023-07-03 11:49:11 7TOR: processed profile successfully.
INFO 2023-07-03 11:49:13 6D90: processed profile successfully.
INFO 2023-07-03 11:49:17 7O7Y: processed profile successfully.
INFO 2023-07-03 11:49:18 3JD5: processed profile successfully.
INFO 2023-07-03 11:49:20 7O7Z: processed profile successfully.
INFO 2023-07-03 11:49:21 5TGM: processed profile successfully.
INFO 2023-07-03 11:49:24 6RXT: processed profile successfully.
INFO 2023-07-03 11:49:25 6RXU: processed profile successfully.
INFO 2023-07-03 11:49:27 7O81: processed profile successfully.
INFO 2023-07-03 11:49:28 6RXX: processed profile successfully.
INFO 2023-07-03 11:49:28 6RXY: processed profile successfully.
INFO 2023-07-03 11:49:31 6RXZ: processed profile successfully.
INFO 2023-07-03 11:49:34 7SYR: processed profile successfully.
INFO 2023-07-03 11:49:34 7SYS: processed profile successfully.
INFO 2023-07-03 11:49:36 7OYA: processed profile successfully.
INFO 2023-07-03 11:49:36 7SYV: processed profile successfully.
INFO 2023-07-03 11:49:36 7OYB: processed profile successfully.
INFO 2023-07-03 11:49:39 7SYW: processed profile successfully.
INFO 2023-07-03 11:49:44 7SYQ: processed profile successfully.
INFO 2023-07-03 11:49:45 7SYG: processed profile successfully.
INFO 2023-07-03 11:49:45 7SYX: processed profile successfully.
INFO 2023-07-03 11:49:48 7O80: processed profile successfully.
INFO 2023-07-03 11:49:50 7SYH: processed profile successfully.
INFO 2023-07-03 11:49:51 7QIZ: processed profile successfully.
INFO 2023-07-03 11:49:55 7SYL: processed profile successfully.
INFO 2023-07-03 11:49:55 7SYJ: processed profile successfully.
INFO 2023-07-03 11:49:56 7SYK: processed profile successfully.
INFO 2023-07-03 11:49:57 7SYM: processed profile successfully.
INFO 2023-07-03 11:49:57 7SYN: processed profile successfully.
INFO 2023-07-03 11:50:03 7SYO: processed profile successfully.
INFO 2023-07-03 11:50:03 7SYT: processed profile successfully.
INFO 2023-07-03 11:50:04 7SYP: processed profile successfully.
INFO 2023-07-03 11:50:04 7SYU: processed profile successfully.
INFO 2023-07-03 11:50:07 7QIW: processed profile successfully.
INFO 2023-07-03 11:50:11 4V3P: processed profile successfully.
INFO 2023-07-03 11:50:12 4V4B: processed profile successfully.
INFO 2023-07-03 11:50:13 3J6B: processed profile successfully.
INFO 2023-07-03 11:50:13 4V7E: processed profile successfully.
INFO 2023-07-03 11:50:15 4V7F: processed profile successfully.
INFO 2023-07-03 11:50:16 4V6I: processed profile successfully.
INFO 2023-07-03 11:50:19 5GAK: processed profile successfully.
INFO 2023-07-03 11:50:22 4V8Y: processed profile successfully.
INFO 2023-07-03 11:50:23 5MRC: processed profile successfully.
INFO 2023-07-03 11:50:28 5MRE: processed profile successfully.
INFO 2023-07-03 11:50:31 5MRF: processed profile successfully.
INFO 2023-07-03 11:50:37 6QIK: processed profile successfully.
INFO 2023-07-03 11:50:40 6RI5: processed profile successfully.
INFO 2023-07-03 11:50:44 5TGA: processed profile successfully.
INFO 2023-07-03 11:50:44 6RZZ: processed profile successfully.
INFO 2023-07-03 11:50:49 6S05: processed profile successfully.
INFO 2023-07-03 11:50:52 6YLG: processed profile successfully.
INFO 2023-07-03 11:50:53 6HHQ: processed profile successfully.
INFO 2023-07-03 11:50:55 6YLX: processed profile successfully.
INFO 2023-07-03 11:50:57 6YLH: processed profile successfully.
INFO 2023-07-03 11:50:59 6ZVI: processed profile successfully.
INFO 2023-07-03 11:51:00 6YLY: processed profile successfully.
INFO 2023-07-03 11:51:01 5NDG: processed profile successfully.
INFO 2023-07-03 11:51:10 7MPI: processed profile successfully.
INFO 2023-07-03 11:51:10 8BIP: processed profile successfully.
INFO 2023-07-03 11:51:11 8BJQ: processed profile successfully.
INFO 2023-07-03 11:51:12 7SUK: processed profile successfully.
INFO 2023-07-03 11:51:12 7ZUX: processed profile successfully.
INFO 2023-07-03 11:51:17 8C01: processed profile successfully.
INFO 2023-07-03 11:51:20 8D8L: processed profile successfully.
INFO 2023-07-03 11:51:20 8BQX: processed profile successfully.
INFO 2023-07-03 11:51:22 8BQD: processed profile successfully.
INFO 2023-07-03 11:51:22 4V91: processed profile successfully.
INFO 2023-07-03 11:51:25 6C0F: processed profile successfully.
INFO 2023-07-03 11:51:26 6CB1: processed profile successfully.
INFO 2023-07-03 11:51:27 5WLC: processed profile successfully.
INFO 2023-07-03 11:51:32 7R7A: processed profile successfully.
INFO 2023-07-03 11:51:33 7NAC: processed profile successfully.
INFO 2023-07-03 11:51:33 7U0H: processed profile successfully.
INFO 2023-07-03 11:51:38 7UQB: processed profile successfully.
INFO 2023-07-03 11:51:38 7UOO: processed profile successfully.
INFO 2023-07-03 11:51:41 7UQZ: processed profile successfully.
INFO 2023-07-03 11:51:41 7V08: processed profile successfully.
INFO 2023-07-03 11:51:44 7ZW0: processed profile successfully.
INFO 2023-07-03 11:51:48 4D5Y: processed profile successfully.
INFO 2023-07-03 11:51:50 4CE4: processed profile successfully.
INFO 2023-07-03 11:51:50 3J78: processed profile successfully.
INFO 2023-07-03 11:51:53 4V8Z: processed profile successfully.
INFO 2023-07-03 11:51:54 3J77: processed profile successfully.
INFO 2023-07-03 11:52:01 6GZ5: processed profile successfully.
INFO 2023-07-03 11:52:01 4D67: processed profile successfully.
INFO 2023-07-03 11:52:03 3JAN: processed profile successfully.
INFO 2023-07-03 11:52:10 5IT9: processed profile successfully.
INFO 2023-07-03 11:52:11 4V92: processed profile successfully.
INFO 2023-07-03 11:52:12 5LYB: processed profile successfully.
INFO 2023-07-03 11:52:13 6GZ4: processed profile successfully.
INFO 2023-07-03 11:52:14 3JAJ: processed profile successfully.
INFO 2023-07-03 11:52:21 5JUP: processed profile successfully.
INFO 2023-07-03 11:52:22 5JUS: processed profile successfully.
INFO 2023-07-03 11:52:23 5JUO: processed profile successfully.
INFO 2023-07-03 11:52:27 5JUT: processed profile successfully.
INFO 2023-07-03 11:52:29 5JUU: processed profile successfully.
INFO 2023-07-03 11:52:30 3J6X: processed profile successfully.
INFO 2023-07-03 11:52:30 3J6Y: processed profile successfully.
INFO 2023-07-03 11:52:35 5FLX: processed profile successfully.
INFO 2023-07-03 11:52:36 4UJC: processed profile successfully.
INFO 2023-07-03 11:52:37 4UJD: processed profile successfully.
INFO 2023-07-03 11:52:37 4UJE: processed profile successfully.
INFO 2023-07-03 11:52:38 6GXN: processed profile successfully.
INFO 2023-07-03 11:52:41 6GXP: processed profile successfully.
INFO 2023-07-03 11:52:42 6YS3: processed profile successfully.
INFO 2023-07-03 11:52:43 7TOS: processed profile successfully.
INFO 2023-07-03 11:52:43 7ZP8: processed profile successfully.
INFO 2023-07-03 11:52:43 7Z20: processed profile successfully.
INFO 2023-07-03 11:52:45 7ZQ6: processed profile successfully.
INFO 2023-07-03 11:52:49 8ANA: processed profile successfully.
INFO 2023-07-03 11:52:50 8AM9: processed profile successfully.
INFO 2023-07-03 11:52:52 6I0Y: processed profile successfully.
INFO 2023-07-03 11:52:53 8AKN: processed profile successfully.
INFO 2023-07-03 11:52:54 6GXO: processed profile successfully.
INFO 2023-07-03 11:52:57 6QDW: processed profile successfully.
INFO 2023-07-03 11:52:58 6GWT: processed profile successfully.
INFO 2023-07-03 11:53:01 6YSS: processed profile successfully.
INFO 2023-07-03 11:53:03 6XZ7: processed profile successfully.
INFO 2023-07-03 11:53:03 6YST: processed profile successfully.
INFO 2023-07-03 11:53:04 6YSU: processed profile successfully.
INFO 2023-07-03 11:53:21 4TUE: processed profile successfully.
INFO 2023-07-03 11:53:32 4ZER: processed profile successfully.
INFO 2023-07-03 11:53:36 5FDU: processed profile successfully.
INFO 2023-07-03 11:53:37 5FDV: processed profile successfully.
INFO 2023-07-03 11:53:37 5F8K: processed profile successfully.
INFO 2023-07-03 11:53:42 6FKR: processed profile successfully.
INFO 2023-07-03 11:53:45 6XZB: processed profile successfully.
INFO 2023-07-03 11:53:46 5O2R: processed profile successfully.
INFO 2023-07-03 11:53:46 6AZ3: processed profile successfully.
INFO 2023-07-03 11:53:49 6AZ1: processed profile successfully.
INFO 2023-07-03 11:53:50 7JQL: processed profile successfully.
INFO 2023-07-03 11:53:51 3J79: processed profile successfully.
INFO 2023-07-03 11:53:52 3J7A: processed profile successfully.
INFO 2023-07-03 11:53:54 7JQM: processed profile successfully.
INFO 2023-07-03 11:53:55 6OKK: processed profile successfully.
INFO 2023-07-03 11:53:58 7UCK: processed profile successfully.
INFO 2023-07-03 11:53:59 6W2S: processed profile successfully.
INFO 2023-07-03 11:54:01 7UCJ: processed profile successfully.
INFO 2023-07-03 11:54:02 3J92: processed profile successfully.
INFO 2023-07-03 11:54:04 4Z8C: processed profile successfully.
INFO 2023-07-03 11:54:08 5HCP: processed profile successfully.
INFO 2023-07-03 11:54:11 5HCR: processed profile successfully.
INFO 2023-07-03 11:54:11 5HD1: processed profile successfully.
INFO 2023-07-03 11:54:12 7K5I: processed profile successfully.
INFO 2023-07-03 11:54:13 5HCQ: processed profile successfully.
INFO 2023-07-03 11:54:15 7JQB: processed profile successfully.
INFO 2023-07-03 11:54:17 6W6L: processed profile successfully.
INFO 2023-07-03 11:54:18 7JQC: processed profile successfully.
INFO 2023-07-03 11:54:20 5HAU: processed profile successfully.
INFO 2023-07-03 11:54:20 4V6M: processed profile successfully.
INFO 2023-07-03 11:54:20 Finished syncing with RCSB
